<?xml version="1.0" encoding="UTF-8"?>
<testng-results skipped="0" failed="1" ignored="0" total="1" passed="0">
  <reporter-output>
  </reporter-output>
  <suite name="Suite" duration-ms="9566" started-at="2022-06-02T11:39:26Z" finished-at="2022-06-02T11:39:35Z">
    <groups>
    </groups>
    <test name="Test" duration-ms="9566" started-at="2022-06-02T11:39:26Z" finished-at="2022-06-02T11:39:35Z">
      <class name="com.helpBot.testcases.EndToEndTest">
        <test-method status="PASS" signature="loadConfig()[pri:0, instance:com.helpBot.testcases.EndToEndTest@229d10bd]" name="loadConfig" is-config="true" duration-ms="10" started-at="2022-06-02T11:39:26Z" finished-at="2022-06-02T11:39:26Z">
          <reporter-output>
          </reporter-output>
        </test-method> <!-- loadConfig -->
        <test-method status="PASS" signature="load()[pri:0, instance:com.helpBot.testcases.EndToEndTest@229d10bd]" name="load" is-config="true" duration-ms="3906" started-at="2022-06-02T11:39:26Z" finished-at="2022-06-02T11:39:29Z">
          <reporter-output>
          </reporter-output>
        </test-method> <!-- load -->
        <test-method status="FAIL" signature="endToEndTest()[pri:0, instance:com.helpBot.testcases.EndToEndTest@229d10bd]" name="endToEndTest" duration-ms="4723" started-at="2022-06-02T11:39:29Z" finished-at="2022-06-02T11:39:34Z">
          <exception class="java.lang.AssertionError">
            <message>
              <![CDATA[expected [Security Measure] but found [eBay Customer Service]]]>
            </message>
            <full-stacktrace>
              <![CDATA[java.lang.AssertionError: expected [Security Measure] but found [eBay Customer Service]
at org.testng.Assert.fail(Assert.java:96)
at org.testng.Assert.failNotEquals(Assert.java:776)
at org.testng.Assert.assertEqualsImpl(Assert.java:137)
at org.testng.Assert.assertEquals(Assert.java:118)
at org.testng.Assert.assertEquals(Assert.java:453)
at org.testng.Assert.assertEquals(Assert.java:463)
at botPages.HelpAndContact.clickOn(HelpAndContact.java:27)
at com.helpBot.testcases.EndToEndTest.endToEndTest(EndToEndTest.java:36)
at sun.reflect.NativeMethodAccessorImpl.invoke0(Native Method)
at sun.reflect.NativeMethodAccessorImpl.invoke(NativeMethodAccessorImpl.java:62)
at sun.reflect.DelegatingMethodAccessorImpl.invoke(DelegatingMethodAccessorImpl.java:43)
at java.lang.reflect.Method.invoke(Method.java:498)
at org.testng.internal.MethodInvocationHelper.invokeMethod(MethodInvocationHelper.java:124)
at org.testng.internal.Invoker.invokeMethod(Invoker.java:583)
at org.testng.internal.Invoker.invokeTestMethod(Invoker.java:719)
at org.testng.internal.Invoker.invokeTestMethods(Invoker.java:989)
at org.testng.internal.TestMethodWorker.invokeTestMethods(TestMethodWorker.java:125)
at org.testng.internal.TestMethodWorker.run(TestMethodWorker.java:109)
at org.testng.TestRunner.privateRun(TestRunner.java:648)
at org.testng.TestRunner.run(TestRunner.java:505)
at org.testng.SuiteRunner.runTest(SuiteRunner.java:455)
at org.testng.SuiteRunner.runSequentially(SuiteRunner.java:450)
at org.testng.SuiteRunner.privateRun(SuiteRunner.java:415)
at org.testng.SuiteRunner.run(SuiteRunner.java:364)
at org.testng.SuiteRunnerWorker.runSuite(SuiteRunnerWorker.java:52)
at org.testng.SuiteRunnerWorker.run(SuiteRunnerWorker.java:84)
at org.testng.TestNG.runSuitesSequentially(TestNG.java:1208)
at org.testng.TestNG.runSuitesLocally(TestNG.java:1137)
at org.testng.TestNG.runSuites(TestNG.java:1049)
at org.testng.TestNG.run(TestNG.java:1017)
at org.apache.maven.surefire.testng.TestNGExecutor.run(TestNGExecutor.java:283)
at org.apache.maven.surefire.testng.TestNGXmlTestSuite.execute(TestNGXmlTestSuite.java:75)
at org.apache.maven.surefire.testng.TestNGProvider.invoke(TestNGProvider.java:120)
at org.apache.maven.surefire.booter.ForkedBooter.invokeProviderInSameClassLoader(ForkedBooter.java:384)
at org.apache.maven.surefire.booter.ForkedBooter.runSuitesInProcess(ForkedBooter.java:345)
at org.apache.maven.surefire.booter.ForkedBooter.execute(ForkedBooter.java:126)
at org.apache.maven.surefire.booter.ForkedBooter.main(ForkedBooter.java:418)
]]>
            </full-stacktrace>
          </exception> <!-- java.lang.AssertionError -->
          <reporter-output>
          </reporter-output>
        </test-method> <!-- endToEndTest -->
        <test-method status="PASS" signature="quit()[pri:0, instance:com.helpBot.testcases.EndToEndTest@229d10bd]" name="quit" is-config="true" duration-ms="901" started-at="2022-06-02T11:39:34Z" finished-at="2022-06-02T11:39:35Z">
          <reporter-output>
          </reporter-output>
        </test-method> <!-- quit -->
      </class> <!-- com.helpBot.testcases.EndToEndTest -->
    </test> <!-- Test -->
  </suite> <!-- Suite -->
</testng-results>
